2025-03-27 07:56:07,953 - INFO - --- Iniciando processamento PLN ---
2025-03-27 07:56:07,953 - INFO - Pergunta recebida: 'Qual foi o preço de abertura da CBAV3 em 08/05/2023?'
2025-03-27 07:56:07,960 - INFO - Dicionário de sinônimos carregado: 119 chaves.
2025-03-27 07:56:07,980 - DEBUG - Elementos extraídos: {'sujeito': ['preço'], 'predicado': [], 'objeto': []}
2025-03-27 07:56:07,981 - DEBUG - Entidades Nomeadas extraídas: {'ORG': ['CBAV3'], 'FRASE_NOMINAL': ['Qual', 'o preço', 'abertura', 'CBAV3']}
2025-03-27 07:56:07,986 - INFO - Data encontrada e normalizada: 2023-05-08
2025-03-27 07:56:07,986 - DEBUG - Comparando pergunta: 'Qual foi o preço de abertura da CBAV3 em 08/05/2023?' com template: 'Qual foi o preço de fechamento da ação da CSN em 08/05/2023?' - Similaridade: 0.79
2025-03-27 07:56:07,987 - DEBUG - Comparando pergunta: 'Qual foi o preço de abertura da CBAV3 em 08/05/2023?' com template: 'Qual foi o preço de abertura da CBAV3 em 08/05/2023?' - Similaridade: 1.00
2025-03-27 07:56:07,987 - DEBUG - Comparando pergunta: 'Qual foi o preço de abertura da CBAV3 em 08/05/2023?' com template: 'Qual o código de negociação da ação da Gerdau?' - Similaridade: 0.41
2025-03-27 07:56:07,988 - DEBUG - Comparando pergunta: 'Qual foi o preço de abertura da CBAV3 em 08/05/2023?' com template: 'Qual foi o volume negociado nas ações do setor bancário em 05/05/2023??' - Similaridade: 0.55
2025-03-27 07:56:07,989 - DEBUG - Comparando pergunta: 'Qual foi o preço de abertura da CBAV3 em 08/05/2023?' com template: 'Qual foi a quantidade de ações do Itau negociadas no pregão de 05/05/2023?' - Similaridade: 0.46
2025-03-27 07:56:07,989 - DEBUG - Comparando pergunta: 'Qual foi o preço de abertura da CBAV3 em 08/05/2023?' com template: 'Qual foi o preço mínimo da ação da Vale em 08/05/2023?' - Similaridade: 0.70
2025-03-27 07:56:07,990 - DEBUG - Comparando pergunta: 'Qual foi o preço de abertura da CBAV3 em 08/05/2023?' com template: 'Qual foi o preço mínima da ação preferencial do Itau em 05/05/2023?' - Similaridade: 0.61
2025-03-27 07:56:07,990 - DEBUG - Comparando pergunta: 'Qual foi o preço de abertura da CBAV3 em 08/05/2023?' com template: 'Qual foi o preço máximo da ação ordinária da Gerdau em 08/05/2023?' - Similaridade: 0.71
2025-03-27 07:56:07,991 - DEBUG - Comparando pergunta: 'Qual foi o preço de abertura da CBAV3 em 08/05/2023?' com template: 'Quais são as ações do setor elétrico?' - Similaridade: 0.31
2025-03-27 07:56:07,991 - DEBUG - Comparando pergunta: 'Qual foi o preço de abertura da CBAV3 em 08/05/2023?' com template: 'Qual foi a variação intradiária absoluta da ação da CSN no pregão de 08/05/2023?' - Similaridade: 0.45
2025-03-27 07:56:07,992 - DEBUG - Comparando pergunta: 'Qual foi o preço de abertura da CBAV3 em 08/05/2023?' com template: 'Qual ação do setor de mineração que teve a maior alta percentual no pregão do dia 08/05/2023?' - Similaridade: 0.43
2025-03-27 07:56:07,993 - DEBUG - Comparando pergunta: 'Qual foi o preço de abertura da CBAV3 em 08/05/2023?' com template: 'Qual ação do setor de bancário que teve a baixa percentual no pregão do dia 08/05/2023?' - Similaridade: 0.45
2025-03-27 07:56:07,994 - DEBUG - Comparando pergunta: 'Qual foi o preço de abertura da CBAV3 em 08/05/2023?' com template: 'Qual ação do setor de consumo não cíclico que a menor variação no dia 08/05/2023?' - Similaridade: 0.44
2025-03-27 07:56:07,994 - DEBUG - Comparando pergunta: 'Qual foi o preço de abertura da CBAV3 em 08/05/2023?' com template: 'Qual a ação com o maior percentual de alta no pregão de 08/05/2023?' - Similaridade: 0.49
2025-03-27 07:56:07,995 - DEBUG - Comparando pergunta: 'Qual foi o preço de abertura da CBAV3 em 08/05/2023?' com template: 'Quais as cinco ações de maior percentual de alta no pregão de 08/05/2023?' - Similaridade: 0.43
2025-03-27 07:56:07,996 - DEBUG - Comparando pergunta: 'Qual foi o preço de abertura da CBAV3 em 08/05/2023?' com template: 'Quais as cinco ações de maior percentual de baixa no pregão de 08/05/2023?' - Similaridade: 0.44
2025-03-27 07:56:07,996 - DEBUG - Comparando pergunta: 'Qual foi o preço de abertura da CBAV3 em 08/05/2023?' com template: 'Qual foi a variação intradiária absoluta da ação do IBovespa com o maior percentual de alta no pregão de 08/05/2023?' - Similaridade: 0.36
2025-03-27 07:56:07,997 - DEBUG - Comparando pergunta: 'Qual foi o preço de abertura da CBAV3 em 08/05/2023?' com template: 'Qual foi o intervalo intradiário percentual da ação com o maior percentual de baixa entre as ações do IMAT no pregão de 08/05/2023?' - Similaridade: 0.33
2025-03-27 07:56:07,998 - DEBUG - Comparando pergunta: 'Qual foi o preço de abertura da CBAV3 em 08/05/2023?' com template: 'Qual foi o setor que teve o melhor desempenho no pregão de 08/05/2023?' - Similaridade: 0.49
2025-03-27 07:56:07,998 - INFO - Template similar encontrado: 'Qual foi o preço de abertura da CBAV3 em 08/05/2023?' (Similaridade: 1.00)
2025-03-27 07:56:07,998 - DEBUG - Mapeado ORG 'CBAV3' para #ENTIDADE
2025-03-27 07:56:08,000 - WARNING - Não foi possível inferir #ANS baseado no template.
2025-03-27 07:56:08,000 - DEBUG - Mapeamentos antes de retornar: {'#DATA': '2023-05-08', '#ENTIDADE': 'CBAV3'}
2025-03-27 07:56:08,000 - INFO - Mapeamentos semânticos gerados: {'#DATA': '2023-05-08', '#ENTIDADE': 'CBAV3'}
2025-03-27 07:56:08,006 - INFO - --- Processamento PLN concluído com sucesso ---
2025-03-27 08:00:08,685 - INFO - --- Iniciando processamento PLN ---
2025-03-27 08:00:08,685 - INFO - Pergunta recebida: 'Qual foi o preço mínimo da ação da Vale em 08/05/2023?'
2025-03-27 08:00:08,690 - INFO - Dicionário de sinônimos carregado: 119 chaves.
2025-03-27 08:00:08,708 - DEBUG - Elementos extraídos: {'sujeito': ['preço'], 'predicado': [], 'objeto': []}
2025-03-27 08:00:08,708 - DEBUG - Entidades Nomeadas extraídas: {'ORG': ['Vale'], 'FRASE_NOMINAL': ['Qual', 'o preço mínimo', 'ação', 'Vale']}
2025-03-27 08:00:08,712 - INFO - Data encontrada e normalizada: 2023-05-08
2025-03-27 08:00:08,713 - DEBUG - Comparando pergunta: 'Qual foi o preço mínimo da ação da Vale em 08/05/2023?' com template: 'Qual foi o preço de fechamento da ação da CSN em 08/05/2023?' - Similaridade: 0.82
2025-03-27 08:00:08,713 - DEBUG - Comparando pergunta: 'Qual foi o preço mínimo da ação da Vale em 08/05/2023?' com template: 'Qual foi o preço de abertura da CBAV3 em 08/05/2023?' - Similaridade: 0.70
2025-03-27 08:00:08,714 - DEBUG - Comparando pergunta: 'Qual foi o preço mínimo da ação da Vale em 08/05/2023?' com template: 'Qual o código de negociação da ação da Gerdau?' - Similaridade: 0.52
2025-03-27 08:00:08,714 - DEBUG - Comparando pergunta: 'Qual foi o preço mínimo da ação da Vale em 08/05/2023?' com template: 'Qual foi o volume negociado nas ações do setor bancário em 05/05/2023??' - Similaridade: 0.58
2025-03-27 08:00:08,715 - DEBUG - Comparando pergunta: 'Qual foi o preço mínimo da ação da Vale em 08/05/2023?' com template: 'Qual foi a quantidade de ações do Itau negociadas no pregão de 05/05/2023?' - Similaridade: 0.47
2025-03-27 08:00:08,715 - DEBUG - Comparando pergunta: 'Qual foi o preço mínimo da ação da Vale em 08/05/2023?' com template: 'Qual foi o preço mínimo da ação da Vale em 08/05/2023?' - Similaridade: 1.00
2025-03-27 08:00:08,716 - DEBUG - Comparando pergunta: 'Qual foi o preço mínimo da ação da Vale em 08/05/2023?' com template: 'Qual foi o preço mínima da ação preferencial do Itau em 05/05/2023?' - Similaridade: 0.78
2025-03-27 08:00:08,716 - DEBUG - Comparando pergunta: 'Qual foi o preço mínimo da ação da Vale em 08/05/2023?' com template: 'Qual foi o preço máximo da ação ordinária da Gerdau em 08/05/2023?' - Similaridade: 0.82
2025-03-27 08:00:08,717 - DEBUG - Comparando pergunta: 'Qual foi o preço mínimo da ação da Vale em 08/05/2023?' com template: 'Quais são as ações do setor elétrico?' - Similaridade: 0.35
2025-03-27 08:00:08,717 - DEBUG - Comparando pergunta: 'Qual foi o preço mínimo da ação da Vale em 08/05/2023?' com template: 'Qual foi a variação intradiária absoluta da ação da CSN no pregão de 08/05/2023?' - Similaridade: 0.60
2025-03-27 08:00:08,718 - DEBUG - Comparando pergunta: 'Qual foi o preço mínimo da ação da Vale em 08/05/2023?' com template: 'Qual ação do setor de mineração que teve a maior alta percentual no pregão do dia 08/05/2023?' - Similaridade: 0.41
2025-03-27 08:00:08,719 - DEBUG - Comparando pergunta: 'Qual foi o preço mínimo da ação da Vale em 08/05/2023?' com template: 'Qual ação do setor de bancário que teve a baixa percentual no pregão do dia 08/05/2023?' - Similaridade: 0.41
2025-03-27 08:00:08,720 - DEBUG - Comparando pergunta: 'Qual foi o preço mínimo da ação da Vale em 08/05/2023?' com template: 'Qual ação do setor de consumo não cíclico que a menor variação no dia 08/05/2023?' - Similaridade: 0.40
2025-03-27 08:00:08,720 - DEBUG - Comparando pergunta: 'Qual foi o preço mínimo da ação da Vale em 08/05/2023?' com template: 'Qual a ação com o maior percentual de alta no pregão de 08/05/2023?' - Similaridade: 0.50
2025-03-27 08:00:08,721 - DEBUG - Comparando pergunta: 'Qual foi o preço mínimo da ação da Vale em 08/05/2023?' com template: 'Quais as cinco ações de maior percentual de alta no pregão de 08/05/2023?' - Similaridade: 0.44
2025-03-27 08:00:08,721 - DEBUG - Comparando pergunta: 'Qual foi o preço mínimo da ação da Vale em 08/05/2023?' com template: 'Quais as cinco ações de maior percentual de baixa no pregão de 08/05/2023?' - Similaridade: 0.45
2025-03-27 08:00:08,722 - DEBUG - Comparando pergunta: 'Qual foi o preço mínimo da ação da Vale em 08/05/2023?' com template: 'Qual foi a variação intradiária absoluta da ação do IBovespa com o maior percentual de alta no pregão de 08/05/2023?' - Similaridade: 0.49
2025-03-27 08:00:08,723 - DEBUG - Comparando pergunta: 'Qual foi o preço mínimo da ação da Vale em 08/05/2023?' com template: 'Qual foi o intervalo intradiário percentual da ação com o maior percentual de baixa entre as ações do IMAT no pregão de 08/05/2023?' - Similaridade: 0.48
2025-03-27 08:00:08,724 - DEBUG - Comparando pergunta: 'Qual foi o preço mínimo da ação da Vale em 08/05/2023?' com template: 'Qual foi o setor que teve o melhor desempenho no pregão de 08/05/2023?' - Similaridade: 0.50
2025-03-27 08:00:08,724 - INFO - Template similar encontrado: 'Qual foi o preço mínimo da ação da Vale em 08/05/2023?' (Similaridade: 1.00)
2025-03-27 08:00:08,724 - DEBUG - Mapeado ORG 'Vale' para #ENTIDADE
2025-03-27 08:00:08,724 - WARNING - Não foi possível inferir #ANS baseado no template.
2025-03-27 08:00:08,725 - DEBUG - Mapeamentos antes de retornar: {'#DATA': '2023-05-08', '#ENTIDADE': 'Vale'}
2025-03-27 08:00:08,725 - INFO - Mapeamentos semânticos gerados: {'#DATA': '2023-05-08', '#ENTIDADE': 'Vale'}
2025-03-27 08:00:08,730 - INFO - --- Processamento PLN concluído com sucesso ---
2025-03-27 08:06:01,585 - INFO - --- Iniciando processamento PLN ---
2025-03-27 08:06:01,586 - INFO - Pergunta recebida: 'Qual foi o preço mínimo da ação da Vale em 08/05/2023?'
2025-03-27 08:06:01,592 - INFO - Dicionário de sinônimos carregado: 119 chaves.
2025-03-27 08:06:01,613 - DEBUG - Elementos extraídos: {'sujeito': ['preço'], 'predicado': [], 'objeto': []}
2025-03-27 08:06:01,613 - DEBUG - Entidades Nomeadas extraídas: {'ORG': ['Vale'], 'FRASE_NOMINAL': ['Qual', 'o preço mínimo', 'ação', 'Vale']}
2025-03-27 08:06:01,618 - INFO - Data encontrada e normalizada: 2023-05-08
2025-03-27 08:06:01,618 - DEBUG - Comparando pergunta: 'Qual foi o preço mínimo da ação da Vale em 08/05/2023?' com template: 'Qual foi o preço de fechamento da ação da CSN em 08/05/2023?' - Similaridade: 0.82
2025-03-27 08:06:01,619 - DEBUG - Comparando pergunta: 'Qual foi o preço mínimo da ação da Vale em 08/05/2023?' com template: 'Qual foi o preço de abertura da CBAV3 em 08/05/2023?' - Similaridade: 0.70
2025-03-27 08:06:01,619 - DEBUG - Comparando pergunta: 'Qual foi o preço mínimo da ação da Vale em 08/05/2023?' com template: 'Qual o código de negociação da ação da Gerdau?' - Similaridade: 0.52
2025-03-27 08:06:01,620 - DEBUG - Comparando pergunta: 'Qual foi o preço mínimo da ação da Vale em 08/05/2023?' com template: 'Qual foi o volume negociado nas ações do setor bancário em 05/05/2023??' - Similaridade: 0.58
2025-03-27 08:06:01,621 - DEBUG - Comparando pergunta: 'Qual foi o preço mínimo da ação da Vale em 08/05/2023?' com template: 'Qual foi a quantidade de ações do Itau negociadas no pregão de 05/05/2023?' - Similaridade: 0.47
2025-03-27 08:06:01,621 - DEBUG - Comparando pergunta: 'Qual foi o preço mínimo da ação da Vale em 08/05/2023?' com template: 'Qual foi o preço mínimo da ação da Vale em 08/05/2023?' - Similaridade: 1.00
2025-03-27 08:06:01,622 - DEBUG - Comparando pergunta: 'Qual foi o preço mínimo da ação da Vale em 08/05/2023?' com template: 'Qual foi o preço mínima da ação preferencial do Itau em 05/05/2023?' - Similaridade: 0.78
2025-03-27 08:06:01,623 - DEBUG - Comparando pergunta: 'Qual foi o preço mínimo da ação da Vale em 08/05/2023?' com template: 'Qual foi o preço máximo da ação ordinária da Gerdau em 08/05/2023?' - Similaridade: 0.82
2025-03-27 08:06:01,624 - DEBUG - Comparando pergunta: 'Qual foi o preço mínimo da ação da Vale em 08/05/2023?' com template: 'Quais são as ações do setor elétrico?' - Similaridade: 0.35
2025-03-27 08:06:01,625 - DEBUG - Comparando pergunta: 'Qual foi o preço mínimo da ação da Vale em 08/05/2023?' com template: 'Qual foi a variação intradiária absoluta da ação da CSN no pregão de 08/05/2023?' - Similaridade: 0.60
2025-03-27 08:06:01,626 - DEBUG - Comparando pergunta: 'Qual foi o preço mínimo da ação da Vale em 08/05/2023?' com template: 'Qual ação do setor de mineração que teve a maior alta percentual no pregão do dia 08/05/2023?' - Similaridade: 0.41
2025-03-27 08:06:01,628 - DEBUG - Comparando pergunta: 'Qual foi o preço mínimo da ação da Vale em 08/05/2023?' com template: 'Qual ação do setor de bancário que teve a baixa percentual no pregão do dia 08/05/2023?' - Similaridade: 0.41
2025-03-27 08:06:01,629 - DEBUG - Comparando pergunta: 'Qual foi o preço mínimo da ação da Vale em 08/05/2023?' com template: 'Qual ação do setor de consumo não cíclico que a menor variação no dia 08/05/2023?' - Similaridade: 0.40
2025-03-27 08:06:01,629 - DEBUG - Comparando pergunta: 'Qual foi o preço mínimo da ação da Vale em 08/05/2023?' com template: 'Qual a ação com o maior percentual de alta no pregão de 08/05/2023?' - Similaridade: 0.50
2025-03-27 08:06:01,630 - DEBUG - Comparando pergunta: 'Qual foi o preço mínimo da ação da Vale em 08/05/2023?' com template: 'Quais as cinco ações de maior percentual de alta no pregão de 08/05/2023?' - Similaridade: 0.44
2025-03-27 08:06:01,631 - DEBUG - Comparando pergunta: 'Qual foi o preço mínimo da ação da Vale em 08/05/2023?' com template: 'Quais as cinco ações de maior percentual de baixa no pregão de 08/05/2023?' - Similaridade: 0.45
2025-03-27 08:06:01,632 - DEBUG - Comparando pergunta: 'Qual foi o preço mínimo da ação da Vale em 08/05/2023?' com template: 'Qual foi a variação intradiária absoluta da ação do IBovespa com o maior percentual de alta no pregão de 08/05/2023?' - Similaridade: 0.49
2025-03-27 08:06:01,633 - DEBUG - Comparando pergunta: 'Qual foi o preço mínimo da ação da Vale em 08/05/2023?' com template: 'Qual foi o intervalo intradiário percentual da ação com o maior percentual de baixa entre as ações do IMAT no pregão de 08/05/2023?' - Similaridade: 0.48
2025-03-27 08:06:01,633 - DEBUG - Comparando pergunta: 'Qual foi o preço mínimo da ação da Vale em 08/05/2023?' com template: 'Qual foi o setor que teve o melhor desempenho no pregão de 08/05/2023?' - Similaridade: 0.50
2025-03-27 08:06:01,633 - INFO - Template similar encontrado: 'Qual foi o preço mínimo da ação da Vale em 08/05/2023?' (Similaridade: 1.00)
2025-03-27 08:06:01,634 - DEBUG - Mapeado ORG 'Vale' para #ENTIDADE
2025-03-27 08:06:01,634 - WARNING - Não foi possível inferir #ANS baseado no template.
2025-03-27 08:06:01,634 - DEBUG - Mapeamentos antes de retornar: {'#DATA': '2023-05-08', '#ENTIDADE': 'Vale'}
2025-03-27 08:06:01,634 - INFO - Mapeamentos semânticos gerados: {'#DATA': '2023-05-08', '#ENTIDADE': 'Vale'}
2025-03-27 08:06:01,639 - INFO - --- Processamento PLN concluído com sucesso ---
2025-03-27 08:06:36,031 - INFO - --- Iniciando processamento PLN ---
2025-03-27 08:06:36,031 - INFO - Pergunta recebida: 'Qual foi o preço de abertura da CBAV3 em 08/05/2023?'
2025-03-27 08:06:36,037 - INFO - Dicionário de sinônimos carregado: 119 chaves.
2025-03-27 08:06:36,054 - DEBUG - Elementos extraídos: {'sujeito': ['preço'], 'predicado': [], 'objeto': []}
2025-03-27 08:06:36,054 - DEBUG - Entidades Nomeadas extraídas: {'ORG': ['CBAV3'], 'FRASE_NOMINAL': ['Qual', 'o preço', 'abertura', 'CBAV3']}
2025-03-27 08:06:36,058 - INFO - Data encontrada e normalizada: 2023-05-08
2025-03-27 08:06:36,059 - DEBUG - Comparando pergunta: 'Qual foi o preço de abertura da CBAV3 em 08/05/2023?' com template: 'Qual foi o preço de fechamento da ação da CSN em 08/05/2023?' - Similaridade: 0.79
2025-03-27 08:06:36,059 - DEBUG - Comparando pergunta: 'Qual foi o preço de abertura da CBAV3 em 08/05/2023?' com template: 'Qual foi o preço de abertura da CBAV3 em 08/05/2023?' - Similaridade: 1.00
2025-03-27 08:06:36,060 - DEBUG - Comparando pergunta: 'Qual foi o preço de abertura da CBAV3 em 08/05/2023?' com template: 'Qual o código de negociação da ação da Gerdau?' - Similaridade: 0.41
2025-03-27 08:06:36,061 - DEBUG - Comparando pergunta: 'Qual foi o preço de abertura da CBAV3 em 08/05/2023?' com template: 'Qual foi o volume negociado nas ações do setor bancário em 05/05/2023??' - Similaridade: 0.55
2025-03-27 08:06:36,061 - DEBUG - Comparando pergunta: 'Qual foi o preço de abertura da CBAV3 em 08/05/2023?' com template: 'Qual foi a quantidade de ações do Itau negociadas no pregão de 05/05/2023?' - Similaridade: 0.46
2025-03-27 08:06:36,062 - DEBUG - Comparando pergunta: 'Qual foi o preço de abertura da CBAV3 em 08/05/2023?' com template: 'Qual foi o preço mínimo da ação da Vale em 08/05/2023?' - Similaridade: 0.70
2025-03-27 08:06:36,062 - DEBUG - Comparando pergunta: 'Qual foi o preço de abertura da CBAV3 em 08/05/2023?' com template: 'Qual foi o preço mínima da ação preferencial do Itau em 05/05/2023?' - Similaridade: 0.61
2025-03-27 08:06:36,063 - DEBUG - Comparando pergunta: 'Qual foi o preço de abertura da CBAV3 em 08/05/2023?' com template: 'Qual foi o preço máximo da ação ordinária da Gerdau em 08/05/2023?' - Similaridade: 0.71
2025-03-27 08:06:36,063 - DEBUG - Comparando pergunta: 'Qual foi o preço de abertura da CBAV3 em 08/05/2023?' com template: 'Quais são as ações do setor elétrico?' - Similaridade: 0.31
2025-03-27 08:06:36,064 - DEBUG - Comparando pergunta: 'Qual foi o preço de abertura da CBAV3 em 08/05/2023?' com template: 'Qual foi a variação intradiária absoluta da ação da CSN no pregão de 08/05/2023?' - Similaridade: 0.45
2025-03-27 08:06:36,065 - DEBUG - Comparando pergunta: 'Qual foi o preço de abertura da CBAV3 em 08/05/2023?' com template: 'Qual ação do setor de mineração que teve a maior alta percentual no pregão do dia 08/05/2023?' - Similaridade: 0.43
2025-03-27 08:06:36,065 - DEBUG - Comparando pergunta: 'Qual foi o preço de abertura da CBAV3 em 08/05/2023?' com template: 'Qual ação do setor de bancário que teve a baixa percentual no pregão do dia 08/05/2023?' - Similaridade: 0.45
2025-03-27 08:06:36,066 - DEBUG - Comparando pergunta: 'Qual foi o preço de abertura da CBAV3 em 08/05/2023?' com template: 'Qual ação do setor de consumo não cíclico que a menor variação no dia 08/05/2023?' - Similaridade: 0.44
2025-03-27 08:06:36,067 - DEBUG - Comparando pergunta: 'Qual foi o preço de abertura da CBAV3 em 08/05/2023?' com template: 'Qual a ação com o maior percentual de alta no pregão de 08/05/2023?' - Similaridade: 0.49
2025-03-27 08:06:36,068 - DEBUG - Comparando pergunta: 'Qual foi o preço de abertura da CBAV3 em 08/05/2023?' com template: 'Quais as cinco ações de maior percentual de alta no pregão de 08/05/2023?' - Similaridade: 0.43
2025-03-27 08:06:36,070 - DEBUG - Comparando pergunta: 'Qual foi o preço de abertura da CBAV3 em 08/05/2023?' com template: 'Quais as cinco ações de maior percentual de baixa no pregão de 08/05/2023?' - Similaridade: 0.44
2025-03-27 08:06:36,071 - DEBUG - Comparando pergunta: 'Qual foi o preço de abertura da CBAV3 em 08/05/2023?' com template: 'Qual foi a variação intradiária absoluta da ação do IBovespa com o maior percentual de alta no pregão de 08/05/2023?' - Similaridade: 0.36
2025-03-27 08:06:36,073 - DEBUG - Comparando pergunta: 'Qual foi o preço de abertura da CBAV3 em 08/05/2023?' com template: 'Qual foi o intervalo intradiário percentual da ação com o maior percentual de baixa entre as ações do IMAT no pregão de 08/05/2023?' - Similaridade: 0.33
2025-03-27 08:06:36,074 - DEBUG - Comparando pergunta: 'Qual foi o preço de abertura da CBAV3 em 08/05/2023?' com template: 'Qual foi o setor que teve o melhor desempenho no pregão de 08/05/2023?' - Similaridade: 0.49
2025-03-27 08:06:36,074 - INFO - Template similar encontrado: 'Qual foi o preço de abertura da CBAV3 em 08/05/2023?' (Similaridade: 1.00)
2025-03-27 08:06:36,074 - DEBUG - Mapeado ORG 'CBAV3' para #ENTIDADE
2025-03-27 08:06:36,075 - WARNING - Não foi possível inferir #ANS baseado no template.
2025-03-27 08:06:36,075 - DEBUG - Mapeamentos antes de retornar: {'#DATA': '2023-05-08', '#ENTIDADE': 'CBAV3'}
2025-03-27 08:06:36,075 - INFO - Mapeamentos semânticos gerados: {'#DATA': '2023-05-08', '#ENTIDADE': 'CBAV3'}
2025-03-27 08:06:36,080 - INFO - --- Processamento PLN concluído com sucesso ---
2025-03-27 08:06:55,066 - INFO - --- Iniciando processamento PLN ---
2025-03-27 08:06:55,066 - INFO - Pergunta recebida: 'Qual foi o preço de abertura da CBAV3 em 08/05/2023?'
2025-03-27 08:06:55,071 - INFO - Dicionário de sinônimos carregado: 119 chaves.
2025-03-27 08:06:55,096 - DEBUG - Elementos extraídos: {'sujeito': ['preço'], 'predicado': [], 'objeto': []}
2025-03-27 08:06:55,097 - DEBUG - Entidades Nomeadas extraídas: {'ORG': ['CBAV3'], 'FRASE_NOMINAL': ['Qual', 'o preço', 'abertura', 'CBAV3']}
2025-03-27 08:06:55,103 - INFO - Data encontrada e normalizada: 2023-05-08
2025-03-27 08:06:55,105 - DEBUG - Comparando pergunta: 'Qual foi o preço de abertura da CBAV3 em 08/05/2023?' com template: 'Qual foi o preço de fechamento da ação da CSN em 08/05/2023?' - Similaridade: 0.79
2025-03-27 08:06:55,105 - DEBUG - Comparando pergunta: 'Qual foi o preço de abertura da CBAV3 em 08/05/2023?' com template: 'Qual foi o preço de abertura da CBAV3 em 08/05/2023?' - Similaridade: 1.00
2025-03-27 08:06:55,107 - DEBUG - Comparando pergunta: 'Qual foi o preço de abertura da CBAV3 em 08/05/2023?' com template: 'Qual o código de negociação da ação da Gerdau?' - Similaridade: 0.41
2025-03-27 08:06:55,108 - DEBUG - Comparando pergunta: 'Qual foi o preço de abertura da CBAV3 em 08/05/2023?' com template: 'Qual foi o volume negociado nas ações do setor bancário em 05/05/2023??' - Similaridade: 0.55
2025-03-27 08:06:55,110 - DEBUG - Comparando pergunta: 'Qual foi o preço de abertura da CBAV3 em 08/05/2023?' com template: 'Qual foi a quantidade de ações do Itau negociadas no pregão de 05/05/2023?' - Similaridade: 0.46
2025-03-27 08:06:55,111 - DEBUG - Comparando pergunta: 'Qual foi o preço de abertura da CBAV3 em 08/05/2023?' com template: 'Qual foi o preço mínimo da ação da Vale em 08/05/2023?' - Similaridade: 0.70
2025-03-27 08:06:55,112 - DEBUG - Comparando pergunta: 'Qual foi o preço de abertura da CBAV3 em 08/05/2023?' com template: 'Qual foi o preço mínima da ação preferencial do Itau em 05/05/2023?' - Similaridade: 0.61
2025-03-27 08:06:55,112 - DEBUG - Comparando pergunta: 'Qual foi o preço de abertura da CBAV3 em 08/05/2023?' com template: 'Qual foi o preço máximo da ação ordinária da Gerdau em 08/05/2023?' - Similaridade: 0.71
2025-03-27 08:06:55,113 - DEBUG - Comparando pergunta: 'Qual foi o preço de abertura da CBAV3 em 08/05/2023?' com template: 'Quais são as ações do setor elétrico?' - Similaridade: 0.31
2025-03-27 08:06:55,114 - DEBUG - Comparando pergunta: 'Qual foi o preço de abertura da CBAV3 em 08/05/2023?' com template: 'Qual foi a variação intradiária absoluta da ação da CSN no pregão de 08/05/2023?' - Similaridade: 0.45
2025-03-27 08:06:55,114 - DEBUG - Comparando pergunta: 'Qual foi o preço de abertura da CBAV3 em 08/05/2023?' com template: 'Qual ação do setor de mineração que teve a maior alta percentual no pregão do dia 08/05/2023?' - Similaridade: 0.43
2025-03-27 08:06:55,115 - DEBUG - Comparando pergunta: 'Qual foi o preço de abertura da CBAV3 em 08/05/2023?' com template: 'Qual ação do setor de bancário que teve a baixa percentual no pregão do dia 08/05/2023?' - Similaridade: 0.45
2025-03-27 08:06:55,116 - DEBUG - Comparando pergunta: 'Qual foi o preço de abertura da CBAV3 em 08/05/2023?' com template: 'Qual ação do setor de consumo não cíclico que a menor variação no dia 08/05/2023?' - Similaridade: 0.44
2025-03-27 08:06:55,117 - DEBUG - Comparando pergunta: 'Qual foi o preço de abertura da CBAV3 em 08/05/2023?' com template: 'Qual a ação com o maior percentual de alta no pregão de 08/05/2023?' - Similaridade: 0.49
2025-03-27 08:06:55,117 - DEBUG - Comparando pergunta: 'Qual foi o preço de abertura da CBAV3 em 08/05/2023?' com template: 'Quais as cinco ações de maior percentual de alta no pregão de 08/05/2023?' - Similaridade: 0.43
2025-03-27 08:06:55,118 - DEBUG - Comparando pergunta: 'Qual foi o preço de abertura da CBAV3 em 08/05/2023?' com template: 'Quais as cinco ações de maior percentual de baixa no pregão de 08/05/2023?' - Similaridade: 0.44
2025-03-27 08:06:55,119 - DEBUG - Comparando pergunta: 'Qual foi o preço de abertura da CBAV3 em 08/05/2023?' com template: 'Qual foi a variação intradiária absoluta da ação do IBovespa com o maior percentual de alta no pregão de 08/05/2023?' - Similaridade: 0.36
2025-03-27 08:06:55,120 - DEBUG - Comparando pergunta: 'Qual foi o preço de abertura da CBAV3 em 08/05/2023?' com template: 'Qual foi o intervalo intradiário percentual da ação com o maior percentual de baixa entre as ações do IMAT no pregão de 08/05/2023?' - Similaridade: 0.33
2025-03-27 08:06:55,120 - DEBUG - Comparando pergunta: 'Qual foi o preço de abertura da CBAV3 em 08/05/2023?' com template: 'Qual foi o setor que teve o melhor desempenho no pregão de 08/05/2023?' - Similaridade: 0.49
2025-03-27 08:06:55,120 - INFO - Template similar encontrado: 'Qual foi o preço de abertura da CBAV3 em 08/05/2023?' (Similaridade: 1.00)
2025-03-27 08:06:55,120 - DEBUG - Mapeado ORG 'CBAV3' para #ENTIDADE
2025-03-27 08:06:55,121 - WARNING - Não foi possível inferir #ANS baseado no template.
2025-03-27 08:06:55,121 - DEBUG - Mapeamentos antes de retornar: {'#DATA': '2023-05-08', '#ENTIDADE': 'CBAV3'}
2025-03-27 08:06:55,121 - INFO - Mapeamentos semânticos gerados: {'#DATA': '2023-05-08', '#ENTIDADE': 'CBAV3'}
2025-03-27 08:06:55,126 - INFO - --- Processamento PLN concluído com sucesso ---
2025-03-27 16:16:33,080 - INFO - --- Iniciando processamento PLN ---
2025-03-27 16:16:33,081 - INFO - Pergunta recebida: 'Qual foi o preço de abertura da CBAV3 em 08/05/2023?'
2025-03-27 16:16:33,098 - INFO - Arquivo C:\Users\MENICIO JR\Desktop\Programa_heber2- antes\src\main\resources\perguntas_de_interesse.txt lido com encoding: utf-8
2025-03-27 16:16:33,116 - INFO - Arquivo C:\Users\MENICIO JR\Desktop\Programa_heber2- antes\src\main\resources\resultado_similaridade.txt lido com encoding: utf-8
2025-03-27 16:16:33,120 - WARNING - Formato inválido ignorado no dicionário de sinônimos C:\Users\MENICIO JR\Desktop\Programa_heber2- antes\src\main\resources\resultado_similaridade.txt, linha 121: Servicos_Medicos._Hospitalares_e_Diagnosticos = [('médicos', 1), ('medicina_diagnóstica', 1), ('gestão', 1), ('benefícios_e_assistência_de_saúde', 1), ('Saude_e_Diagnostico', 0.5), ('Medicina_Diagnostica', 0.55), ('Assistencia_Medica', 0.32), ('Beneficios_Medicos', 0.41), ('Serviços_Clinicos', 0.39)]
2025-03-27 16:16:33,120 - WARNING - Formato inválido ignorado no dicionário de sinônimos C:\Users\MENICIO JR\Desktop\Programa_heber2- antes\src\main\resources\resultado_similaridade.txt, linha 128: Tecidos._Vestuario_e_Calcados = [('tecidos', 1), ('roupas', 1), ('acessórios', 1), ('calçados', 1), ('Moda_e_Confecção', 0.36), ('Roupas_e_Calçados', 0.52), ('Textil', 0.23), ('Vestuario', 0.47)]
2025-03-27 16:16:33,121 - INFO - Dicionário de sinônimos 'resultado_similaridade.txt' carregado: 119 chaves.
2025-03-27 16:16:33,143 - DEBUG - Elementos extraídos: {'sujeito': ['preço'], 'predicado': [], 'objeto': []}
2025-03-27 16:16:33,143 - DEBUG - Entidades Nomeadas extraídas: {'ORG': ['CBAV3']}
2025-03-27 16:16:33,148 - INFO - Data encontrada e normalizada: 2023-05-08
2025-03-27 16:16:33,160 - INFO - Template similar encontrado (nome): 'Template 1B' (Similaridade: 1.00) (Linha original: 'Template 1B - Qual foi o preço de abertura da CBAV3 em 08/05/2023?')
2025-03-27 16:16:33,161 - DEBUG - Iniciando mapeamento semântico...
2025-03-27 16:16:33,161 - DEBUG - Mapeado #DATA: 2023-05-08
2025-03-27 16:16:33,161 - DEBUG - Mapeado #ENTIDADE: 'CBAV3' (Tipo original: ORG)
2025-03-27 16:16:33,224 - DEBUG - Melhor termo do dicionário para 'preço': 'pregao' (Similaridade: 0.73)
2025-03-27 16:16:33,224 - DEBUG - Mapeado #VALOR_DESEJADO: 'pregao'
2025-03-27 16:16:33,224 - INFO - Mapeamentos semânticos finais: {'#DATA': '2023-05-08', '#ENTIDADE': 'CBAV3', '#VALOR_DESEJADO': 'pregao'}
2025-03-27 16:16:33,225 - INFO - --- Processamento PLN concluído com sucesso ---
2025-03-27 16:17:10,938 - INFO - --- Iniciando processamento PLN ---
2025-03-27 16:17:10,939 - INFO - Pergunta recebida: 'Qual foi o preço de abertura da CBAV3 em 08/05/2023?'
2025-03-27 16:17:10,939 - INFO - Arquivo C:\Users\MENICIO JR\Desktop\Programa_heber2- antes\src\main\resources\perguntas_de_interesse.txt lido com encoding: utf-8
2025-03-27 16:17:10,940 - INFO - Arquivo C:\Users\MENICIO JR\Desktop\Programa_heber2- antes\src\main\resources\resultado_similaridade.txt lido com encoding: utf-8
2025-03-27 16:17:10,944 - WARNING - Formato inválido ignorado no dicionário de sinônimos C:\Users\MENICIO JR\Desktop\Programa_heber2- antes\src\main\resources\resultado_similaridade.txt, linha 121: Servicos_Medicos._Hospitalares_e_Diagnosticos = [('médicos', 1), ('medicina_diagnóstica', 1), ('gestão', 1), ('benefícios_e_assistência_de_saúde', 1), ('Saude_e_Diagnostico', 0.5), ('Medicina_Diagnostica', 0.55), ('Assistencia_Medica', 0.32), ('Beneficios_Medicos', 0.41), ('Serviços_Clinicos', 0.39)]
2025-03-27 16:17:10,944 - WARNING - Formato inválido ignorado no dicionário de sinônimos C:\Users\MENICIO JR\Desktop\Programa_heber2- antes\src\main\resources\resultado_similaridade.txt, linha 128: Tecidos._Vestuario_e_Calcados = [('tecidos', 1), ('roupas', 1), ('acessórios', 1), ('calçados', 1), ('Moda_e_Confecção', 0.36), ('Roupas_e_Calçados', 0.52), ('Textil', 0.23), ('Vestuario', 0.47)]
2025-03-27 16:17:10,945 - INFO - Dicionário de sinônimos 'resultado_similaridade.txt' carregado: 119 chaves.
2025-03-27 16:17:10,964 - DEBUG - Elementos extraídos: {'sujeito': ['preço'], 'predicado': [], 'objeto': []}
2025-03-27 16:17:10,964 - DEBUG - Entidades Nomeadas extraídas: {'ORG': ['CBAV3']}
2025-03-27 16:17:10,969 - INFO - Data encontrada e normalizada: 2023-05-08
2025-03-27 16:17:10,980 - INFO - Template similar encontrado (nome): 'Template 1B' (Similaridade: 1.00) (Linha original: 'Template 1B - Qual foi o preço de abertura da CBAV3 em 08/05/2023?')
2025-03-27 16:17:10,980 - DEBUG - Iniciando mapeamento semântico...
2025-03-27 16:17:10,980 - DEBUG - Mapeado #DATA: 2023-05-08
2025-03-27 16:17:10,980 - DEBUG - Mapeado #ENTIDADE: 'CBAV3' (Tipo original: ORG)
2025-03-27 16:17:11,029 - DEBUG - Melhor termo do dicionário para 'preço': 'pregao' (Similaridade: 0.73)
2025-03-27 16:17:11,029 - DEBUG - Mapeado #VALOR_DESEJADO: 'pregao'
2025-03-27 16:17:11,030 - INFO - Mapeamentos semânticos finais: {'#DATA': '2023-05-08', '#ENTIDADE': 'CBAV3', '#VALOR_DESEJADO': 'pregao'}
2025-03-27 16:17:11,030 - INFO - --- Processamento PLN concluído com sucesso ---
2025-03-27 16:19:16,995 - INFO - --- Iniciando processamento PLN ---
2025-03-27 16:19:16,995 - INFO - Pergunta recebida: 'Qual foi o preço de fechamento da CBAV3 em 08/05/2023?'
2025-03-27 16:19:16,997 - INFO - Arquivo C:\Users\MENICIO JR\Desktop\Programa_heber2- antes\src\main\resources\perguntas_de_interesse.txt lido com encoding: utf-8
2025-03-27 16:19:16,998 - INFO - Arquivo C:\Users\MENICIO JR\Desktop\Programa_heber2- antes\src\main\resources\resultado_similaridade.txt lido com encoding: utf-8
2025-03-27 16:19:17,006 - WARNING - Formato inválido ignorado no dicionário de sinônimos C:\Users\MENICIO JR\Desktop\Programa_heber2- antes\src\main\resources\resultado_similaridade.txt, linha 121: Servicos_Medicos._Hospitalares_e_Diagnosticos = [('médicos', 1), ('medicina_diagnóstica', 1), ('gestão', 1), ('benefícios_e_assistência_de_saúde', 1), ('Saude_e_Diagnostico', 0.5), ('Medicina_Diagnostica', 0.55), ('Assistencia_Medica', 0.32), ('Beneficios_Medicos', 0.41), ('Serviços_Clinicos', 0.39)]
2025-03-27 16:19:17,007 - WARNING - Formato inválido ignorado no dicionário de sinônimos C:\Users\MENICIO JR\Desktop\Programa_heber2- antes\src\main\resources\resultado_similaridade.txt, linha 128: Tecidos._Vestuario_e_Calcados = [('tecidos', 1), ('roupas', 1), ('acessórios', 1), ('calçados', 1), ('Moda_e_Confecção', 0.36), ('Roupas_e_Calçados', 0.52), ('Textil', 0.23), ('Vestuario', 0.47)]
2025-03-27 16:19:17,008 - INFO - Dicionário de sinônimos 'resultado_similaridade.txt' carregado: 119 chaves.
2025-03-27 16:19:17,030 - DEBUG - Elementos extraídos: {'sujeito': ['preço'], 'predicado': [], 'objeto': []}
2025-03-27 16:19:17,030 - DEBUG - Entidades Nomeadas extraídas: {'MISC': ['CBAV3']}
2025-03-27 16:19:17,036 - INFO - Data encontrada e normalizada: 2023-05-08
2025-03-27 16:19:17,051 - INFO - Template similar encontrado (nome): 'Template 1A' (Similaridade: 0.89) (Linha original: 'Template 1A - Qual foi o preço de fechamento da ação da CSN em 08/05/2023?')
2025-03-27 16:19:17,051 - DEBUG - Iniciando mapeamento semântico...
2025-03-27 16:19:17,052 - DEBUG - Mapeado #DATA: 2023-05-08
2025-03-27 16:19:17,052 - WARNING - Não foi possível identificar a entidade principal (Empresa/Ticker).
2025-03-27 16:19:17,123 - DEBUG - Melhor termo do dicionário para 'preço': 'pregao' (Similaridade: 0.73)
2025-03-27 16:19:17,123 - DEBUG - Mapeado #VALOR_DESEJADO: 'pregao'
2025-03-27 16:19:17,124 - INFO - Mapeamentos semânticos finais: {'#DATA': '2023-05-08', '#VALOR_DESEJADO': 'pregao'}
2025-03-27 16:19:17,124 - INFO - --- Processamento PLN concluído com sucesso ---
2025-03-27 16:20:03,079 - INFO - --- Iniciando processamento PLN ---
2025-03-27 16:20:03,080 - INFO - Pergunta recebida: 'Template 2A - Qual o código de negociação da ação da Gerdau?'
2025-03-27 16:20:03,081 - INFO - Arquivo C:\Users\MENICIO JR\Desktop\Programa_heber2- antes\src\main\resources\perguntas_de_interesse.txt lido com encoding: utf-8
2025-03-27 16:20:03,082 - INFO - Arquivo C:\Users\MENICIO JR\Desktop\Programa_heber2- antes\src\main\resources\resultado_similaridade.txt lido com encoding: utf-8
2025-03-27 16:20:03,088 - WARNING - Formato inválido ignorado no dicionário de sinônimos C:\Users\MENICIO JR\Desktop\Programa_heber2- antes\src\main\resources\resultado_similaridade.txt, linha 121: Servicos_Medicos._Hospitalares_e_Diagnosticos = [('médicos', 1), ('medicina_diagnóstica', 1), ('gestão', 1), ('benefícios_e_assistência_de_saúde', 1), ('Saude_e_Diagnostico', 0.5), ('Medicina_Diagnostica', 0.55), ('Assistencia_Medica', 0.32), ('Beneficios_Medicos', 0.41), ('Serviços_Clinicos', 0.39)]
2025-03-27 16:20:03,088 - WARNING - Formato inválido ignorado no dicionário de sinônimos C:\Users\MENICIO JR\Desktop\Programa_heber2- antes\src\main\resources\resultado_similaridade.txt, linha 128: Tecidos._Vestuario_e_Calcados = [('tecidos', 1), ('roupas', 1), ('acessórios', 1), ('calçados', 1), ('Moda_e_Confecção', 0.36), ('Roupas_e_Calçados', 0.52), ('Textil', 0.23), ('Vestuario', 0.47)]
2025-03-27 16:20:03,089 - INFO - Dicionário de sinônimos 'resultado_similaridade.txt' carregado: 119 chaves.
2025-03-27 16:20:03,118 - DEBUG - Elementos extraídos: {'sujeito': ['código'], 'predicado': [], 'objeto': []}
2025-03-27 16:20:03,119 - DEBUG - Entidades Nomeadas extraídas: {'MISC': ['Template 2A'], 'ORG': ['Gerdau']}
2025-03-27 16:20:03,120 - INFO - Nenhuma data explícita encontrada.
2025-03-27 16:20:03,146 - INFO - Template similar encontrado (nome): 'Template 2A' (Similaridade: 0.87) (Linha original: 'Template 2A - Qual o código de negociação da ação da Gerdau?')
2025-03-27 16:20:03,146 - DEBUG - Iniciando mapeamento semântico...
2025-03-27 16:20:03,147 - DEBUG - Mapeado #ENTIDADE: 'Gerdau' (Tipo original: ORG)
2025-03-27 16:20:03,248 - DEBUG - Nenhum termo no dicionário encontrado para 'código' com similaridade >= 0.65
2025-03-27 16:20:03,249 - WARNING - Não foi possível identificar o conceito/valor desejado principal usando o dicionário.
2025-03-27 16:20:03,249 - INFO - Mapeamentos semânticos finais: {'#ENTIDADE': 'Gerdau'}
2025-03-27 16:20:03,249 - INFO - --- Processamento PLN concluído com sucesso ---
